<?xml version="1.0" encoding="UTF-8"?>
<!-- Generated by org.testng.reporters.JUnitXMLReporter -->
<testsuite hostname="Abhi-PC" name="Test" tests="4" failures="0" timestamp="27 Jan 2021 19:17:39 GMT" time="13.691" errors="0">
  <testcase name="allTestSuites" time="11.592" classname="restApi.testRunnerLibraryAllTestSuites"/>
  <testcase name="getEmployeeTest" time="0.796" classname="soapTestRunner.testRunnerGetEmployee"/>
  <testcase name="soaptest" time="0.571" classname="soapTestRunner.testRunner"/>
  <testcase name="soapTestLibrary" time="0.709" classname="restApi.testRunnerLibrary"/>
</testsuite> <!-- Test -->
