<?xml version="1.0" encoding="UTF-8"?>
<!-- Generated by org.testng.reporters.JUnitXMLReporter -->
<testsuite hostname="Abhi-PC" name="Test" tests="4" failures="0" timestamp="27 Jan 2021 15:51:20 GMT" time="13.862" errors="0">
  <testcase name="allTestSuites" time="11.525" classname="restApi.testRunnerLibraryAllTestSuites"/>
  <testcase name="getEmployeeTest" time="1.129" classname="soapTestRunner.testRunnerGetEmployee"/>
  <testcase name="soaptest" time="0.503" classname="soapTestRunner.testRunner"/>
  <testcase name="soapTestLibrary" time="0.682" classname="restApi.testRunnerLibrary"/>
</testsuite> <!-- Test -->
