<?xml version="1.0" encoding="UTF-8"?>
<testng-results skipped="0" failed="0" total="4" passed="4">
  <reporter-output>
  </reporter-output>
  <suite name="Suite" duration-ms="13691" started-at="2021-01-27T19:17:25Z" finished-at="2021-01-27T19:17:39Z">
    <groups>
    </groups>
    <test name="Test" duration-ms="13691" started-at="2021-01-27T19:17:25Z" finished-at="2021-01-27T19:17:39Z">
      <class name="soapTestRunner.testRunnerGetEmployee">
        <test-method status="PASS" signature="getEmployeeTest()[pri:0, instance:soapTestRunner.testRunnerGetEmployee@c818063]" name="getEmployeeTest" duration-ms="796" started-at="2021-01-27T19:17:37Z" finished-at="2021-01-27T19:17:38Z">
          <reporter-output>
          </reporter-output>
        </test-method> <!-- getEmployeeTest -->
      </class> <!-- soapTestRunner.testRunnerGetEmployee -->
      <class name="restApi.testRunnerLibrary">
        <test-method status="PASS" signature="soapTestLibrary()[pri:0, instance:restApi.testRunnerLibrary@2ff4f00f]" name="soapTestLibrary" duration-ms="709" started-at="2021-01-27T19:17:38Z" finished-at="2021-01-27T19:17:39Z">
          <reporter-output>
          </reporter-output>
        </test-method> <!-- soapTestLibrary -->
      </class> <!-- restApi.testRunnerLibrary -->
      <class name="soapTestRunner.testRunner">
        <test-method status="PASS" signature="soaptest()[pri:0, instance:soapTestRunner.testRunner@4ec6a292]" name="soaptest" duration-ms="571" started-at="2021-01-27T19:17:38Z" finished-at="2021-01-27T19:17:38Z">
          <reporter-output>
          </reporter-output>
        </test-method> <!-- soaptest -->
      </class> <!-- soapTestRunner.testRunner -->
      <class name="restApi.testRunnerLibraryAllTestSuites">
        <test-method status="PASS" signature="allTestSuites()[pri:0, instance:restApi.testRunnerLibraryAllTestSuites@3f0ee7cb]" name="allTestSuites" duration-ms="11592" started-at="2021-01-27T19:17:25Z" finished-at="2021-01-27T19:17:37Z">
          <reporter-output>
          </reporter-output>
        </test-method> <!-- allTestSuites -->
      </class> <!-- restApi.testRunnerLibraryAllTestSuites -->
    </test> <!-- Test -->
  </suite> <!-- Suite -->
</testng-results>
